mode: atomic
github.com/bedag/kubernetes-dbaas/pkg/database/zz_generated.deepcopy.go:26.41,28.25 2 0
github.com/bedag/kubernetes-dbaas/pkg/database/zz_generated.deepcopy.go:28.25,32.3 3 0
github.com/bedag/kubernetes-dbaas/pkg/database/zz_generated.deepcopy.go:36.34,37.15 1 0
github.com/bedag/kubernetes-dbaas/pkg/database/zz_generated.deepcopy.go:40.2,42.12 3 0
github.com/bedag/kubernetes-dbaas/pkg/database/zz_generated.deepcopy.go:37.15,39.3 1 0
github.com/bedag/kubernetes-dbaas/pkg/database/zz_generated.deepcopy.go:46.48,47.2 1 0
github.com/bedag/kubernetes-dbaas/pkg/database/zz_generated.deepcopy.go:47.2,50.22 3 0
github.com/bedag/kubernetes-dbaas/pkg/database/zz_generated.deepcopy.go:50.22,52.4 1 0
github.com/bedag/kubernetes-dbaas/pkg/database/zz_generated.deepcopy.go:57.40,58.15 1 0
github.com/bedag/kubernetes-dbaas/pkg/database/zz_generated.deepcopy.go:61.2,63.13 3 0
github.com/bedag/kubernetes-dbaas/pkg/database/zz_generated.deepcopy.go:58.15,60.3 1 0
github.com/bedag/kubernetes-dbaas/pkg/database/zz_generated.deepcopy.go:67.49,69.2 1 0
github.com/bedag/kubernetes-dbaas/pkg/database/zz_generated.deepcopy.go:72.42,73.15 1 0
github.com/bedag/kubernetes-dbaas/pkg/database/zz_generated.deepcopy.go:76.2,78.12 3 0
github.com/bedag/kubernetes-dbaas/pkg/database/zz_generated.deepcopy.go:73.15,75.3 1 0
github.com/bedag/kubernetes-dbaas/pkg/database/zz_generated.deepcopy.go:82.51,84.22 2 0
github.com/bedag/kubernetes-dbaas/pkg/database/zz_generated.deepcopy.go:84.22,87.29 3 0
github.com/bedag/kubernetes-dbaas/pkg/database/zz_generated.deepcopy.go:87.29,89.4 1 0
github.com/bedag/kubernetes-dbaas/pkg/database/zz_generated.deepcopy.go:94.44,95.15 1 0
github.com/bedag/kubernetes-dbaas/pkg/database/zz_generated.deepcopy.go:98.2,100.12 3 0
github.com/bedag/kubernetes-dbaas/pkg/database/zz_generated.deepcopy.go:95.15,97.3 1 0
github.com/bedag/kubernetes-dbaas/pkg/database/zz_generated.deepcopy.go:104.56,105.2 1 0
github.com/bedag/kubernetes-dbaas/pkg/database/zz_generated.deepcopy.go:105.2,108.29 3 0
github.com/bedag/kubernetes-dbaas/pkg/database/zz_generated.deepcopy.go:108.29,110.4 1 0
github.com/bedag/kubernetes-dbaas/pkg/database/zz_generated.deepcopy.go:115.48,116.15 1 0
github.com/bedag/kubernetes-dbaas/pkg/database/zz_generated.deepcopy.go:119.2,121.13 3 0
github.com/bedag/kubernetes-dbaas/pkg/database/zz_generated.deepcopy.go:116.15,118.3 1 0
github.com/bedag/kubernetes-dbaas/pkg/database/dbms.go:87.53,90.16 2 0
github.com/bedag/kubernetes-dbaas/pkg/database/dbms.go:125.2,125.40 1 0
github.com/bedag/kubernetes-dbaas/pkg/database/dbms.go:129.2,129.22 1 0
github.com/bedag/kubernetes-dbaas/pkg/database/dbms.go:91.17,93.17 2 0
github.com/bedag/kubernetes-dbaas/pkg/database/dbms.go:96.3,97.17 2 0
github.com/bedag/kubernetes-dbaas/pkg/database/dbms.go:100.3,100.38 1 0
github.com/bedag/kubernetes-dbaas/pkg/database/dbms.go:101.16,103.17 2 0
github.com/bedag/kubernetes-dbaas/pkg/database/dbms.go:106.3,107.17 2 0
github.com/bedag/kubernetes-dbaas/pkg/database/dbms.go:110.3,110.33 1 0
github.com/bedag/kubernetes-dbaas/pkg/database/dbms.go:111.22,113.17 2 0
github.com/bedag/kubernetes-dbaas/pkg/database/dbms.go:116.3,117.17 2 0
github.com/bedag/kubernetes-dbaas/pkg/database/dbms.go:120.3,120.34 1 0
github.com/bedag/kubernetes-dbaas/pkg/database/dbms.go:121.10,122.68 1 0
github.com/bedag/kubernetes-dbaas/pkg/database/dbms.go:93.17,95.4 1 0
github.com/bedag/kubernetes-dbaas/pkg/database/dbms.go:97.17,99.4 1 0
github.com/bedag/kubernetes-dbaas/pkg/database/dbms.go:103.17,105.4 1 0
github.com/bedag/kubernetes-dbaas/pkg/database/dbms.go:107.17,109.4 1 0
github.com/bedag/kubernetes-dbaas/pkg/database/dbms.go:113.17,115.4 1 0
github.com/bedag/kubernetes-dbaas/pkg/database/dbms.go:117.17,119.4 1 0
github.com/bedag/kubernetes-dbaas/pkg/database/dbms.go:125.40,127.3 1 0
github.com/bedag/kubernetes-dbaas/pkg/database/dbms.go:136.73,139.16 2 15
github.com/bedag/kubernetes-dbaas/pkg/database/dbms.go:142.2,143.16 2 15
github.com/bedag/kubernetes-dbaas/pkg/database/dbms.go:146.2,148.16 3 15
github.com/bedag/kubernetes-dbaas/pkg/database/dbms.go:151.2,156.24 2 15
github.com/bedag/kubernetes-dbaas/pkg/database/dbms.go:139.16,141.3 1 0
github.com/bedag/kubernetes-dbaas/pkg/database/dbms.go:143.16,145.3 1 0
github.com/bedag/kubernetes-dbaas/pkg/database/dbms.go:148.16,150.3 1 0
github.com/bedag/kubernetes-dbaas/pkg/database/dbms.go:161.82,162.25 1 0
github.com/bedag/kubernetes-dbaas/pkg/database/dbms.go:167.2,167.11 1 0
github.com/bedag/kubernetes-dbaas/pkg/database/dbms.go:162.25,163.45 1 0
github.com/bedag/kubernetes-dbaas/pkg/database/dbms.go:163.45,165.4 1 0
github.com/bedag/kubernetes-dbaas/pkg/database/dbms.go:171.40,173.2 1 0
github.com/bedag/kubernetes-dbaas/pkg/database/dbms.go:176.39,178.2 1 0
github.com/bedag/kubernetes-dbaas/pkg/database/dbms.go:181.89,184.16 2 15
github.com/bedag/kubernetes-dbaas/pkg/database/dbms.go:187.2,188.16 2 15
github.com/bedag/kubernetes-dbaas/pkg/database/dbms.go:191.2,193.16 3 15
github.com/bedag/kubernetes-dbaas/pkg/database/dbms.go:196.2,198.34 2 15
github.com/bedag/kubernetes-dbaas/pkg/database/dbms.go:184.16,186.3 1 0
github.com/bedag/kubernetes-dbaas/pkg/database/dbms.go:188.16,190.3 1 0
github.com/bedag/kubernetes-dbaas/pkg/database/dbms.go:193.16,195.3 1 0
github.com/bedag/kubernetes-dbaas/pkg/database/dbms.go:203.68,204.28 1 0
github.com/bedag/kubernetes-dbaas/pkg/database/dbms.go:209.2,209.10 1 0
github.com/bedag/kubernetes-dbaas/pkg/database/dbms.go:204.28,205.14 1 0
github.com/bedag/kubernetes-dbaas/pkg/database/dbms.go:205.14,207.4 1 0
github.com/bedag/kubernetes-dbaas/pkg/database/dbms.go:213.91,216.16 2 30
github.com/bedag/kubernetes-dbaas/pkg/database/dbms.go:219.2,224.16 4 30
github.com/bedag/kubernetes-dbaas/pkg/database/dbms.go:227.2,227.40 1 30
github.com/bedag/kubernetes-dbaas/pkg/database/dbms.go:216.16,218.3 1 0
github.com/bedag/kubernetes-dbaas/pkg/database/dbms.go:224.16,226.3 1 0
github.com/bedag/kubernetes-dbaas/pkg/database/dbms.go:231.47,232.25 1 0
github.com/bedag/kubernetes-dbaas/pkg/database/dbms.go:237.2,237.14 1 0
github.com/bedag/kubernetes-dbaas/pkg/database/dbms.go:232.25,233.18 1 0
github.com/bedag/kubernetes-dbaas/pkg/database/dbms.go:233.18,235.4 1 0
github.com/bedag/kubernetes-dbaas/pkg/database/dbms.go:241.61,243.27 2 180
github.com/bedag/kubernetes-dbaas/pkg/database/dbms.go:246.2,246.20 1 180
github.com/bedag/kubernetes-dbaas/pkg/database/dbms.go:243.27,245.3 1 180
github.com/bedag/kubernetes-dbaas/pkg/database/dbms.go:249.43,251.2 1 0
github.com/bedag/kubernetes-dbaas/pkg/database/dsn.go:7.43,9.16 2 30
github.com/bedag/kubernetes-dbaas/pkg/database/dsn.go:12.2,13.16 2 30
github.com/bedag/kubernetes-dbaas/pkg/database/dsn.go:16.2,16.23 1 30
github.com/bedag/kubernetes-dbaas/pkg/database/dsn.go:9.16,11.3 1 0
github.com/bedag/kubernetes-dbaas/pkg/database/dsn.go:13.16,15.3 1 0
github.com/bedag/kubernetes-dbaas/pkg/database/dsn.go:19.47,21.16 2 15
github.com/bedag/kubernetes-dbaas/pkg/database/dsn.go:24.2,25.16 2 15
github.com/bedag/kubernetes-dbaas/pkg/database/dsn.go:28.2,28.23 1 15
github.com/bedag/kubernetes-dbaas/pkg/database/dsn.go:21.16,23.3 1 0
github.com/bedag/kubernetes-dbaas/pkg/database/dsn.go:25.16,27.3 1 0
github.com/bedag/kubernetes-dbaas/pkg/database/dsn.go:31.46,33.16 2 15
github.com/bedag/kubernetes-dbaas/pkg/database/dsn.go:36.2,37.16 2 15
github.com/bedag/kubernetes-dbaas/pkg/database/dsn.go:40.2,40.23 1 15
github.com/bedag/kubernetes-dbaas/pkg/database/dsn.go:33.16,35.3 1 0
github.com/bedag/kubernetes-dbaas/pkg/database/dsn.go:37.16,39.3 1 0
github.com/bedag/kubernetes-dbaas/pkg/database/dsn.go:44.32,46.2 1 60
github.com/bedag/kubernetes-dbaas/pkg/database/mysql.go:16.51,18.16 2 15
github.com/bedag/kubernetes-dbaas/pkg/database/mysql.go:22.2,23.19 2 15
github.com/bedag/kubernetes-dbaas/pkg/database/mysql.go:18.16,20.3 1 0
github.com/bedag/kubernetes-dbaas/pkg/database/mysql.go:28.60,30.16 2 30
github.com/bedag/kubernetes-dbaas/pkg/database/mysql.go:37.2,38.16 2 30
github.com/bedag/kubernetes-dbaas/pkg/database/mysql.go:42.2,45.18 4 15
github.com/bedag/kubernetes-dbaas/pkg/database/mysql.go:53.2,53.30 1 15
github.com/bedag/kubernetes-dbaas/pkg/database/mysql.go:30.16,35.3 1 0
github.com/bedag/kubernetes-dbaas/pkg/database/mysql.go:38.16,40.3 1 15
github.com/bedag/kubernetes-dbaas/pkg/database/mysql.go:45.18,47.17 2 75
github.com/bedag/kubernetes-dbaas/pkg/database/mysql.go:50.3,50.22 1 75
github.com/bedag/kubernetes-dbaas/pkg/database/mysql.go:47.17,49.4 1 0
github.com/bedag/kubernetes-dbaas/pkg/database/mysql.go:58.60,60.16 2 0
github.com/bedag/kubernetes-dbaas/pkg/database/mysql.go:66.2,67.16 2 0
github.com/bedag/kubernetes-dbaas/pkg/database/mysql.go:71.2,71.19 1 0
github.com/bedag/kubernetes-dbaas/pkg/database/mysql.go:60.16,65.3 1 0
github.com/bedag/kubernetes-dbaas/pkg/database/mysql.go:67.16,69.3 1 0
github.com/bedag/kubernetes-dbaas/pkg/database/mysql.go:75.58,77.16 2 0
github.com/bedag/kubernetes-dbaas/pkg/database/mysql.go:83.2,84.16 2 0
github.com/bedag/kubernetes-dbaas/pkg/database/mysql.go:88.2,88.19 1 0
github.com/bedag/kubernetes-dbaas/pkg/database/mysql.go:77.16,82.3 1 0
github.com/bedag/kubernetes-dbaas/pkg/database/mysql.go:84.16,86.3 1 0
github.com/bedag/kubernetes-dbaas/pkg/database/mysql.go:92.34,94.2 1 0
github.com/bedag/kubernetes-dbaas/pkg/database/mysql.go:99.59,101.16 2 45
github.com/bedag/kubernetes-dbaas/pkg/database/mysql.go:105.2,105.64 1 45
github.com/bedag/kubernetes-dbaas/pkg/database/mysql.go:101.16,103.3 1 0
github.com/bedag/kubernetes-dbaas/pkg/database/mysql.go:108.63,109.22 1 45
github.com/bedag/kubernetes-dbaas/pkg/database/mysql.go:113.2,115.27 2 45
github.com/bedag/kubernetes-dbaas/pkg/database/mysql.go:126.2,127.37 2 30
github.com/bedag/kubernetes-dbaas/pkg/database/mysql.go:130.2,132.20 2 30
github.com/bedag/kubernetes-dbaas/pkg/database/mysql.go:109.22,111.3 1 0
github.com/bedag/kubernetes-dbaas/pkg/database/mysql.go:115.27,117.17 2 105
github.com/bedag/kubernetes-dbaas/pkg/database/mysql.go:123.3,123.27 1 90
github.com/bedag/kubernetes-dbaas/pkg/database/mysql.go:117.17,118.32 1 15
github.com/bedag/kubernetes-dbaas/pkg/database/mysql.go:121.4,121.18 1 15
github.com/bedag/kubernetes-dbaas/pkg/database/mysql.go:118.32,120.5 1 0
github.com/bedag/kubernetes-dbaas/pkg/database/mysql.go:127.37,129.3 1 90
github.com/bedag/kubernetes-dbaas/pkg/database/psql.go:15.49,17.16 2 15
github.com/bedag/kubernetes-dbaas/pkg/database/psql.go:20.2,22.19 2 15
github.com/bedag/kubernetes-dbaas/pkg/database/psql.go:17.16,19.3 1 0
github.com/bedag/kubernetes-dbaas/pkg/database/psql.go:27.59,30.16 3 15
github.com/bedag/kubernetes-dbaas/pkg/database/psql.go:34.2,37.18 4 15
github.com/bedag/kubernetes-dbaas/pkg/database/psql.go:45.2,45.30 1 15
github.com/bedag/kubernetes-dbaas/pkg/database/psql.go:30.16,32.3 1 0
github.com/bedag/kubernetes-dbaas/pkg/database/psql.go:37.18,39.17 2 75
github.com/bedag/kubernetes-dbaas/pkg/database/psql.go:42.3,42.22 1 75
github.com/bedag/kubernetes-dbaas/pkg/database/psql.go:39.17,41.4 1 0
github.com/bedag/kubernetes-dbaas/pkg/database/psql.go:50.59,52.16 2 0
github.com/bedag/kubernetes-dbaas/pkg/database/psql.go:56.2,56.19 1 0
github.com/bedag/kubernetes-dbaas/pkg/database/psql.go:52.16,54.3 1 0
github.com/bedag/kubernetes-dbaas/pkg/database/psql.go:60.57,62.16 2 0
github.com/bedag/kubernetes-dbaas/pkg/database/psql.go:66.2,66.19 1 0
github.com/bedag/kubernetes-dbaas/pkg/database/psql.go:62.16,64.3 1 0
github.com/bedag/kubernetes-dbaas/pkg/database/psql.go:70.33,72.2 1 0
github.com/bedag/kubernetes-dbaas/pkg/database/psql.go:74.49,76.2 1 15
github.com/bedag/kubernetes-dbaas/pkg/database/psql.go:78.53,80.2 1 0
github.com/bedag/kubernetes-dbaas/pkg/database/psql.go:82.53,83.22 1 15
github.com/bedag/kubernetes-dbaas/pkg/database/psql.go:86.2,87.27 2 15
github.com/bedag/kubernetes-dbaas/pkg/database/psql.go:91.2,92.15 2 15
github.com/bedag/kubernetes-dbaas/pkg/database/psql.go:83.22,85.3 1 0
github.com/bedag/kubernetes-dbaas/pkg/database/psql.go:87.27,89.3 1 15
github.com/bedag/kubernetes-dbaas/pkg/database/rate_limiter.go:16.85,17.13 1 15
github.com/bedag/kubernetes-dbaas/pkg/database/rate_limiter.go:20.2,21.14 2 15
github.com/bedag/kubernetes-dbaas/pkg/database/rate_limiter.go:27.2,30.8 1 15
github.com/bedag/kubernetes-dbaas/pkg/database/rate_limiter.go:17.13,19.3 1 0
github.com/bedag/kubernetes-dbaas/pkg/database/rate_limiter.go:21.14,23.3 1 0
github.com/bedag/kubernetes-dbaas/pkg/database/rate_limiter.go:23.8,25.3 1 15
github.com/bedag/kubernetes-dbaas/pkg/database/rate_limiter.go:33.73,36.2 2 150
github.com/bedag/kubernetes-dbaas/pkg/database/rate_limiter.go:38.73,41.2 2 0
github.com/bedag/kubernetes-dbaas/pkg/database/rate_limiter.go:43.47,46.2 2 0
github.com/bedag/kubernetes-dbaas/pkg/database/sqlserver.go:14.59,16.16 2 30
github.com/bedag/kubernetes-dbaas/pkg/database/sqlserver.go:20.2,21.19 2 30
github.com/bedag/kubernetes-dbaas/pkg/database/sqlserver.go:16.16,18.3 1 0
github.com/bedag/kubernetes-dbaas/pkg/database/sqlserver.go:26.64,30.16 3 180
github.com/bedag/kubernetes-dbaas/pkg/database/sqlserver.go:34.2,37.18 4 30
github.com/bedag/kubernetes-dbaas/pkg/database/sqlserver.go:45.2,45.30 1 30
github.com/bedag/kubernetes-dbaas/pkg/database/sqlserver.go:30.16,32.3 1 150
github.com/bedag/kubernetes-dbaas/pkg/database/sqlserver.go:37.18,39.17 2 150
github.com/bedag/kubernetes-dbaas/pkg/database/sqlserver.go:42.3,42.22 1 150
github.com/bedag/kubernetes-dbaas/pkg/database/sqlserver.go:39.17,41.4 1 0
github.com/bedag/kubernetes-dbaas/pkg/database/sqlserver.go:50.64,54.16 3 0
github.com/bedag/kubernetes-dbaas/pkg/database/sqlserver.go:58.2,58.19 1 0
github.com/bedag/kubernetes-dbaas/pkg/database/sqlserver.go:54.16,56.3 1 0
github.com/bedag/kubernetes-dbaas/pkg/database/sqlserver.go:62.62,66.16 3 0
github.com/bedag/kubernetes-dbaas/pkg/database/sqlserver.go:70.2,70.19 1 0
github.com/bedag/kubernetes-dbaas/pkg/database/sqlserver.go:66.16,68.3 1 0
github.com/bedag/kubernetes-dbaas/pkg/database/sqlserver.go:73.38,75.2 1 0