mode: atomic
github.com/bedag/kubernetes-dbaas/apis/database/v1/database_types.go:59.13,61.2 1 15
github.com/bedag/kubernetes-dbaas/apis/database/v1/database_webhook.go:33.68,37.2 1 15
github.com/bedag/kubernetes-dbaas/apis/database/v1/database_webhook.go:44.31,48.2 0 0
github.com/bedag/kubernetes-dbaas/apis/database/v1/database_webhook.go:56.43,58.2 1 0
github.com/bedag/kubernetes-dbaas/apis/database/v1/database_webhook.go:61.61,67.43 4 0
github.com/bedag/kubernetes-dbaas/apis/database/v1/database_webhook.go:75.2,75.12 1 0
github.com/bedag/kubernetes-dbaas/apis/database/v1/database_webhook.go:67.43,73.3 2 0
github.com/bedag/kubernetes-dbaas/apis/database/v1/database_webhook.go:79.43,81.2 1 0
github.com/bedag/kubernetes-dbaas/apis/database/v1/zz_generated.deepcopy.go:29.49,35.2 5 0
github.com/bedag/kubernetes-dbaas/apis/database/v1/zz_generated.deepcopy.go:38.42,39.15 1 0
github.com/bedag/kubernetes-dbaas/apis/database/v1/zz_generated.deepcopy.go:42.2,44.12 3 0
github.com/bedag/kubernetes-dbaas/apis/database/v1/zz_generated.deepcopy.go:39.15,41.3 1 0
github.com/bedag/kubernetes-dbaas/apis/database/v1/zz_generated.deepcopy.go:48.53,49.34 1 0
github.com/bedag/kubernetes-dbaas/apis/database/v1/zz_generated.deepcopy.go:52.2,52.12 1 0
github.com/bedag/kubernetes-dbaas/apis/database/v1/zz_generated.deepcopy.go:49.34,51.3 1 0
github.com/bedag/kubernetes-dbaas/apis/database/v1/zz_generated.deepcopy.go:56.57,60.21 4 0
github.com/bedag/kubernetes-dbaas/apis/database/v1/zz_generated.deepcopy.go:60.21,63.22 3 0
github.com/bedag/kubernetes-dbaas/apis/database/v1/zz_generated.deepcopy.go:63.22,65.4 1 0
github.com/bedag/kubernetes-dbaas/apis/database/v1/zz_generated.deepcopy.go:70.50,71.15 1 0
github.com/bedag/kubernetes-dbaas/apis/database/v1/zz_generated.deepcopy.go:74.2,76.12 3 0
github.com/bedag/kubernetes-dbaas/apis/database/v1/zz_generated.deepcopy.go:71.15,73.3 1 0
github.com/bedag/kubernetes-dbaas/apis/database/v1/zz_generated.deepcopy.go:80.57,81.34 1 0
github.com/bedag/kubernetes-dbaas/apis/database/v1/zz_generated.deepcopy.go:84.2,84.12 1 0
github.com/bedag/kubernetes-dbaas/apis/database/v1/zz_generated.deepcopy.go:81.34,83.3 1 0
github.com/bedag/kubernetes-dbaas/apis/database/v1/zz_generated.deepcopy.go:88.57,90.22 2 0
github.com/bedag/kubernetes-dbaas/apis/database/v1/zz_generated.deepcopy.go:90.22,93.29 3 0
github.com/bedag/kubernetes-dbaas/apis/database/v1/zz_generated.deepcopy.go:93.29,95.4 1 0
github.com/bedag/kubernetes-dbaas/apis/database/v1/zz_generated.deepcopy.go:100.50,101.15 1 0
github.com/bedag/kubernetes-dbaas/apis/database/v1/zz_generated.deepcopy.go:104.2,106.12 3 0
github.com/bedag/kubernetes-dbaas/apis/database/v1/zz_generated.deepcopy.go:101.15,103.3 1 0
github.com/bedag/kubernetes-dbaas/apis/database/v1/zz_generated.deepcopy.go:110.61,112.26 2 0
github.com/bedag/kubernetes-dbaas/apis/database/v1/zz_generated.deepcopy.go:112.26,115.22 3 0
github.com/bedag/kubernetes-dbaas/apis/database/v1/zz_generated.deepcopy.go:115.22,117.4 1 0
github.com/bedag/kubernetes-dbaas/apis/database/v1/zz_generated.deepcopy.go:122.54,123.15 1 0
github.com/bedag/kubernetes-dbaas/apis/database/v1/zz_generated.deepcopy.go:126.2,128.12 3 0
github.com/bedag/kubernetes-dbaas/apis/database/v1/zz_generated.deepcopy.go:123.15,125.3 1 0