mode: atomic
github.com/bedag/kubernetes-dbaas/controllers/database/database_controller.go:86.71,93.2 1 1
github.com/bedag/kubernetes-dbaas/controllers/database/database_controller.go:97.100,103.16 5 13
github.com/bedag/kubernetes-dbaas/controllers/database/database_controller.go:122.2,122.71 1 10
github.com/bedag/kubernetes-dbaas/controllers/database/database_controller.go:137.2,137.39 1 10
github.com/bedag/kubernetes-dbaas/controllers/database/database_controller.go:169.2,169.66 1 7
github.com/bedag/kubernetes-dbaas/controllers/database/database_controller.go:196.2,196.46 1 3
github.com/bedag/kubernetes-dbaas/controllers/database/database_controller.go:202.2,202.55 1 3
github.com/bedag/kubernetes-dbaas/controllers/database/database_controller.go:215.2,216.108 2 3
github.com/bedag/kubernetes-dbaas/controllers/database/database_controller.go:220.2,221.27 2 3
github.com/bedag/kubernetes-dbaas/controllers/database/database_controller.go:103.16,104.31 1 3
github.com/bedag/kubernetes-dbaas/controllers/database/database_controller.go:112.3,117.46 2 0
github.com/bedag/kubernetes-dbaas/controllers/database/database_controller.go:104.31,110.4 2 3
github.com/bedag/kubernetes-dbaas/controllers/database/database_controller.go:122.71,124.113 2 3
github.com/bedag/kubernetes-dbaas/controllers/database/database_controller.go:124.113,132.4 2 0
github.com/bedag/kubernetes-dbaas/controllers/database/database_controller.go:137.39,138.55 1 3
github.com/bedag/kubernetes-dbaas/controllers/database/database_controller.go:165.3,165.33 1 3
github.com/bedag/kubernetes-dbaas/controllers/database/database_controller.go:138.55,143.48 2 3
github.com/bedag/kubernetes-dbaas/controllers/database/database_controller.go:150.4,152.45 3 3
github.com/bedag/kubernetes-dbaas/controllers/database/database_controller.go:143.48,146.5 2 0
github.com/bedag/kubernetes-dbaas/controllers/database/database_controller.go:152.45,153.36 1 0
github.com/bedag/kubernetes-dbaas/controllers/database/database_controller.go:162.5,162.48 1 0
github.com/bedag/kubernetes-dbaas/controllers/database/database_controller.go:153.36,160.6 1 0
github.com/bedag/kubernetes-dbaas/controllers/database/database_controller.go:169.66,173.23 3 4
github.com/bedag/kubernetes-dbaas/controllers/database/database_controller.go:177.3,177.19 1 4
github.com/bedag/kubernetes-dbaas/controllers/database/database_controller.go:173.23,176.4 2 0
github.com/bedag/kubernetes-dbaas/controllers/database/database_controller.go:177.19,179.115 1 0
github.com/bedag/kubernetes-dbaas/controllers/database/database_controller.go:183.4,183.46 1 0
github.com/bedag/kubernetes-dbaas/controllers/database/database_controller.go:187.4,187.57 1 0
github.com/bedag/kubernetes-dbaas/controllers/database/database_controller.go:179.115,182.5 2 0
github.com/bedag/kubernetes-dbaas/controllers/database/database_controller.go:183.46,186.5 2 0
github.com/bedag/kubernetes-dbaas/controllers/database/database_controller.go:188.9,192.4 2 4
github.com/bedag/kubernetes-dbaas/controllers/database/database_controller.go:196.46,199.3 2 0
github.com/bedag/kubernetes-dbaas/controllers/database/database_controller.go:202.55,204.45 2 3
github.com/bedag/kubernetes-dbaas/controllers/database/database_controller.go:204.45,212.4 2 0
github.com/bedag/kubernetes-dbaas/controllers/database/database_controller.go:216.108,219.3 2 0
github.com/bedag/kubernetes-dbaas/controllers/database/database_controller.go:225.75,228.2 2 3
github.com/bedag/kubernetes-dbaas/controllers/database/database_controller.go:231.80,235.22 3 3
github.com/bedag/kubernetes-dbaas/controllers/database/database_controller.go:238.2,242.13 3 3
github.com/bedag/kubernetes-dbaas/controllers/database/database_controller.go:250.2,251.22 2 3
github.com/bedag/kubernetes-dbaas/controllers/database/database_controller.go:254.2,255.22 2 3
github.com/bedag/kubernetes-dbaas/controllers/database/database_controller.go:263.2,268.88 3 3
github.com/bedag/kubernetes-dbaas/controllers/database/database_controller.go:271.2,272.23 2 3
github.com/bedag/kubernetes-dbaas/controllers/database/database_controller.go:282.2,286.22 3 3
github.com/bedag/kubernetes-dbaas/controllers/database/database_controller.go:290.2,290.25 1 3
github.com/bedag/kubernetes-dbaas/controllers/database/database_controller.go:235.22,237.3 1 0
github.com/bedag/kubernetes-dbaas/controllers/database/database_controller.go:242.13,249.3 1 0
github.com/bedag/kubernetes-dbaas/controllers/database/database_controller.go:251.22,253.3 1 0
github.com/bedag/kubernetes-dbaas/controllers/database/database_controller.go:255.22,262.3 1 0
github.com/bedag/kubernetes-dbaas/controllers/database/database_controller.go:268.88,270.3 1 0
github.com/bedag/kubernetes-dbaas/controllers/database/database_controller.go:272.23,279.3 1 0
github.com/bedag/kubernetes-dbaas/controllers/database/database_controller.go:286.22,288.3 1 0
github.com/bedag/kubernetes-dbaas/controllers/database/database_controller.go:294.80,298.31 3 3
github.com/bedag/kubernetes-dbaas/controllers/database/database_controller.go:301.2,305.13 3 3
github.com/bedag/kubernetes-dbaas/controllers/database/database_controller.go:313.2,314.31 2 3
github.com/bedag/kubernetes-dbaas/controllers/database/database_controller.go:317.2,318.16 2 3
github.com/bedag/kubernetes-dbaas/controllers/database/database_controller.go:326.2,331.106 3 3
github.com/bedag/kubernetes-dbaas/controllers/database/database_controller.go:334.2,335.17 2 3
github.com/bedag/kubernetes-dbaas/controllers/database/database_controller.go:343.2,344.23 2 3
github.com/bedag/kubernetes-dbaas/controllers/database/database_controller.go:352.2,352.25 1 3
github.com/bedag/kubernetes-dbaas/controllers/database/database_controller.go:298.31,300.3 1 0
github.com/bedag/kubernetes-dbaas/controllers/database/database_controller.go:305.13,312.3 1 0
github.com/bedag/kubernetes-dbaas/controllers/database/database_controller.go:314.31,316.3 1 0
github.com/bedag/kubernetes-dbaas/controllers/database/database_controller.go:318.16,325.3 1 0
github.com/bedag/kubernetes-dbaas/controllers/database/database_controller.go:331.106,333.3 1 0
github.com/bedag/kubernetes-dbaas/controllers/database/database_controller.go:335.17,342.3 1 0
github.com/bedag/kubernetes-dbaas/controllers/database/database_controller.go:344.23,351.3 1 0
github.com/bedag/kubernetes-dbaas/controllers/database/database_controller.go:356.78,360.31 3 0
github.com/bedag/kubernetes-dbaas/controllers/database/database_controller.go:363.2,365.13 3 0
github.com/bedag/kubernetes-dbaas/controllers/database/database_controller.go:373.2,374.31 2 0
github.com/bedag/kubernetes-dbaas/controllers/database/database_controller.go:377.2,378.16 2 0
github.com/bedag/kubernetes-dbaas/controllers/database/database_controller.go:386.2,391.106 3 0
github.com/bedag/kubernetes-dbaas/controllers/database/database_controller.go:394.2,395.17 2 0
github.com/bedag/kubernetes-dbaas/controllers/database/database_controller.go:403.2,404.23 2 0
github.com/bedag/kubernetes-dbaas/controllers/database/database_controller.go:414.2,414.33 1 0
github.com/bedag/kubernetes-dbaas/controllers/database/database_controller.go:428.2,428.25 1 0
github.com/bedag/kubernetes-dbaas/controllers/database/database_controller.go:360.31,362.3 1 0
github.com/bedag/kubernetes-dbaas/controllers/database/database_controller.go:365.13,372.3 1 0
github.com/bedag/kubernetes-dbaas/controllers/database/database_controller.go:374.31,376.3 1 0
github.com/bedag/kubernetes-dbaas/controllers/database/database_controller.go:378.16,385.3 1 0
github.com/bedag/kubernetes-dbaas/controllers/database/database_controller.go:391.106,393.3 1 0
github.com/bedag/kubernetes-dbaas/controllers/database/database_controller.go:395.17,402.3 1 0
github.com/bedag/kubernetes-dbaas/controllers/database/database_controller.go:404.23,411.3 1 0
github.com/bedag/kubernetes-dbaas/controllers/database/database_controller.go:414.33,418.17 4 0
github.com/bedag/kubernetes-dbaas/controllers/database/database_controller.go:418.17,425.4 1 0
github.com/bedag/kubernetes-dbaas/controllers/database/database_controller.go:431.123,434.23 2 6
github.com/bedag/kubernetes-dbaas/controllers/database/database_controller.go:443.2,445.16 3 6
github.com/bedag/kubernetes-dbaas/controllers/database/database_controller.go:453.2,453.34 1 6
github.com/bedag/kubernetes-dbaas/controllers/database/database_controller.go:434.23,441.3 1 0
github.com/bedag/kubernetes-dbaas/controllers/database/database_controller.go:445.16,452.3 1 0
github.com/bedag/kubernetes-dbaas/controllers/database/database_controller.go:456.117,459.17 2 6
github.com/bedag/kubernetes-dbaas/controllers/database/database_controller.go:467.2,467.48 1 6
github.com/bedag/kubernetes-dbaas/controllers/database/database_controller.go:474.2,474.31 1 6
github.com/bedag/kubernetes-dbaas/controllers/database/database_controller.go:459.17,465.3 1 0
github.com/bedag/kubernetes-dbaas/controllers/database/database_controller.go:467.48,473.3 1 0
github.com/bedag/kubernetes-dbaas/controllers/database/database_controller.go:481.97,482.36 1 0
github.com/bedag/kubernetes-dbaas/controllers/database/database_controller.go:486.2,487.28 2 0
github.com/bedag/kubernetes-dbaas/controllers/database/database_controller.go:492.2,492.25 1 0
github.com/bedag/kubernetes-dbaas/controllers/database/database_controller.go:499.2,499.112 1 0
github.com/bedag/kubernetes-dbaas/controllers/database/database_controller.go:482.36,485.3 2 0
github.com/bedag/kubernetes-dbaas/controllers/database/database_controller.go:487.28,491.3 2 0
github.com/bedag/kubernetes-dbaas/controllers/database/database_controller.go:492.25,495.3 2 0
github.com/bedag/kubernetes-dbaas/controllers/database/database_controller.go:495.8,498.3 2 0
github.com/bedag/kubernetes-dbaas/controllers/database/database_controller.go:499.112,501.3 1 0
github.com/bedag/kubernetes-dbaas/controllers/database/database_controller.go:508.124,509.32 1 0
github.com/bedag/kubernetes-dbaas/controllers/database/database_controller.go:515.2,517.62 3 0
github.com/bedag/kubernetes-dbaas/controllers/database/database_controller.go:509.32,512.3 2 0
github.com/bedag/kubernetes-dbaas/controllers/database/database_controller.go:522.124,526.2 3 12
github.com/bedag/kubernetes-dbaas/controllers/database/database_controller.go:529.148,536.16 5 3
github.com/bedag/kubernetes-dbaas/controllers/database/database_controller.go:544.2,567.16 7 3
github.com/bedag/kubernetes-dbaas/controllers/database/database_controller.go:592.2,593.69 2 0
github.com/bedag/kubernetes-dbaas/controllers/database/database_controller.go:602.2,603.25 2 0
github.com/bedag/kubernetes-dbaas/controllers/database/database_controller.go:536.16,543.3 1 0
github.com/bedag/kubernetes-dbaas/controllers/database/database_controller.go:567.16,569.31 1 3
github.com/bedag/kubernetes-dbaas/controllers/database/database_controller.go:583.3,588.4 1 0
github.com/bedag/kubernetes-dbaas/controllers/database/database_controller.go:569.31,571.72 1 3
github.com/bedag/kubernetes-dbaas/controllers/database/database_controller.go:579.4,580.27 2 3
github.com/bedag/kubernetes-dbaas/controllers/database/database_controller.go:571.72,578.5 1 0
github.com/bedag/kubernetes-dbaas/controllers/database/database_controller.go:593.69,600.3 1 0
github.com/bedag/kubernetes-dbaas/controllers/database/database_controller.go:607.138,617.2 2 6
github.com/bedag/kubernetes-dbaas/controllers/database/database_controller.go:621.92,629.82 6 4
github.com/bedag/kubernetes-dbaas/controllers/database/database_controller.go:643.2,643.33 1 4
github.com/bedag/kubernetes-dbaas/controllers/database/database_controller.go:646.2,646.32 1 4
github.com/bedag/kubernetes-dbaas/controllers/database/database_controller.go:629.82,630.31 1 0
github.com/bedag/kubernetes-dbaas/controllers/database/database_controller.go:635.3,640.4 1 0
github.com/bedag/kubernetes-dbaas/controllers/database/database_controller.go:630.31,633.4 1 0
github.com/bedag/kubernetes-dbaas/controllers/database/database_controller.go:643.33,645.3 1 0
github.com/bedag/kubernetes-dbaas/controllers/database/database_controller.go:650.43,652.2 1 31
github.com/bedag/kubernetes-dbaas/controllers/database/database_controller.go:655.67,662.2 1 0
github.com/bedag/kubernetes-dbaas/controllers/database/database_controller.go:665.56,667.2 1 14
github.com/bedag/kubernetes-dbaas/controllers/database/database_controller.go:669.55,671.48 1 1
github.com/bedag/kubernetes-dbaas/controllers/database/database_controller.go:671.48,674.35 2 0
github.com/bedag/kubernetes-dbaas/controllers/database/database_controller.go:678.4,678.98 1 0
github.com/bedag/kubernetes-dbaas/controllers/database/database_controller.go:682.4,682.69 1 0
github.com/bedag/kubernetes-dbaas/controllers/database/database_controller.go:685.4,685.16 1 0
github.com/bedag/kubernetes-dbaas/controllers/database/database_controller.go:674.35,676.5 1 0
github.com/bedag/kubernetes-dbaas/controllers/database/database_controller.go:678.98,680.5 1 0
github.com/bedag/kubernetes-dbaas/controllers/database/database_controller.go:682.69,684.5 1 0
github.com/bedag/kubernetes-dbaas/controllers/database/database_controller.go:691.53,692.92 1 4
github.com/bedag/kubernetes-dbaas/controllers/database/database_controller.go:695.2,695.14 1 4
github.com/bedag/kubernetes-dbaas/controllers/database/database_controller.go:692.92,694.3 1 0
github.com/bedag/kubernetes-dbaas/controllers/database/database_controller.go:699.92,704.19 5 6
github.com/bedag/kubernetes-dbaas/controllers/database/database_controller.go:711.2,715.16 5 6
github.com/bedag/kubernetes-dbaas/controllers/database/database_controller.go:723.2,726.21 1 6
github.com/bedag/kubernetes-dbaas/controllers/database/database_controller.go:704.19,710.3 1 0
github.com/bedag/kubernetes-dbaas/controllers/database/database_controller.go:715.16,721.3 1 0
github.com/bedag/kubernetes-dbaas/controllers/database/database_controller.go:731.77,732.27 1 12
github.com/bedag/kubernetes-dbaas/controllers/database/database_controller.go:738.2,738.16 1 9
github.com/bedag/kubernetes-dbaas/controllers/database/database_controller.go:732.27,734.24 2 3
github.com/bedag/kubernetes-dbaas/controllers/database/database_controller.go:734.24,736.4 1 3
github.com/bedag/kubernetes-dbaas/controllers/database/database_controller.go:742.66,744.28 2 3
github.com/bedag/kubernetes-dbaas/controllers/database/database_controller.go:750.2,750.25 1 3
github.com/bedag/kubernetes-dbaas/controllers/database/database_controller.go:769.2,769.11 1 0
github.com/bedag/kubernetes-dbaas/controllers/database/database_controller.go:744.28,749.3 2 0
github.com/bedag/kubernetes-dbaas/controllers/database/database_controller.go:750.25,752.43 2 3
github.com/bedag/kubernetes-dbaas/controllers/database/database_controller.go:762.3,763.17 2 3
github.com/bedag/kubernetes-dbaas/controllers/database/database_controller.go:767.3,767.21 1 3
github.com/bedag/kubernetes-dbaas/controllers/database/database_controller.go:752.43,754.11 2 3
github.com/bedag/kubernetes-dbaas/controllers/database/database_controller.go:760.4,760.44 1 3
github.com/bedag/kubernetes-dbaas/controllers/database/database_controller.go:754.11,759.5 2 0
github.com/bedag/kubernetes-dbaas/controllers/database/database_controller.go:763.17,766.4 2 0
github.com/bedag/kubernetes-dbaas/controllers/database/database_controller.go:773.45,774.25 1 6
github.com/bedag/kubernetes-dbaas/controllers/database/database_controller.go:779.2,779.14 1 3
github.com/bedag/kubernetes-dbaas/controllers/database/database_controller.go:774.25,775.13 1 3
github.com/bedag/kubernetes-dbaas/controllers/database/database_controller.go:775.13,777.4 1 3
github.com/bedag/kubernetes-dbaas/controllers/database/database_controller.go:785.44,786.16 1 0
github.com/bedag/kubernetes-dbaas/controllers/database/database_controller.go:789.2,789.75 1 0
github.com/bedag/kubernetes-dbaas/controllers/database/database_controller.go:793.2,793.14 1 0
github.com/bedag/kubernetes-dbaas/controllers/database/database_controller.go:786.16,788.3 1 0
github.com/bedag/kubernetes-dbaas/controllers/database/database_controller.go:789.75,792.3 1 0